Performing C SOURCE FILE Test HAVE_GCC_PREFERRED_STACK_BOUNDARY failed with the following output:
Change Dir: /home/sean/development/projects/cube_spinner/build/linux/SDL/CMakeFiles/CMakeTmp

Run Build Command:/usr/bin/make "cmTryCompileExec478868493/fast"
/usr/bin/make -f CMakeFiles/cmTryCompileExec478868493.dir/build.make CMakeFiles/cmTryCompileExec478868493.dir/build
make[1]: Entering directory `/home/sean/development/projects/cube_spinner/build/linux/SDL/CMakeFiles/CMakeTmp'
/usr/bin/cmake -E cmake_progress_report /home/sean/development/projects/cube_spinner/build/linux/SDL/CMakeFiles/CMakeTmp/CMakeFiles 1
Building C object CMakeFiles/cmTryCompileExec478868493.dir/src.c.o
/usr/bin/cc   -g -O3 -DHAVE_GCC_PREFERRED_STACK_BOUNDARY -mpreferred-stack-boundary=2   -o CMakeFiles/cmTryCompileExec478868493.dir/src.c.o   -c /home/sean/development/projects/cube_spinner/build/linux/SDL/CMakeFiles/CMakeTmp/src.c
/home/sean/development/projects/cube_spinner/build/linux/SDL/CMakeFiles/CMakeTmp/src.c:1:0: error: -mpreferred-stack-boundary=2 is not between 4 and 12
 int x = 0; int main(int argc, char **argv) {}
 ^
make[1]: *** [CMakeFiles/cmTryCompileExec478868493.dir/src.c.o] Error 1
make[1]: Leaving directory `/home/sean/development/projects/cube_spinner/build/linux/SDL/CMakeFiles/CMakeTmp'
make: *** [cmTryCompileExec478868493/fast] Error 2

Source file was:
int x = 0; int main(int argc, char **argv) {}
Performing C SOURCE FILE Test HAVE_ALTIVEC_H_HDR failed with the following output:
Change Dir: /home/sean/development/projects/cube_spinner/build/linux/SDL/CMakeFiles/CMakeTmp

Run Build Command:/usr/bin/make "cmTryCompileExec4193832145/fast"
/usr/bin/make -f CMakeFiles/cmTryCompileExec4193832145.dir/build.make CMakeFiles/cmTryCompileExec4193832145.dir/build
make[1]: Entering directory `/home/sean/development/projects/cube_spinner/build/linux/SDL/CMakeFiles/CMakeTmp'
/usr/bin/cmake -E cmake_progress_report /home/sean/development/projects/cube_spinner/build/linux/SDL/CMakeFiles/CMakeTmp/CMakeFiles 1
Building C object CMakeFiles/cmTryCompileExec4193832145.dir/src.c.o
/usr/bin/cc   -g -O3 -DHAVE_ALTIVEC_H_HDR -maltivec   -o CMakeFiles/cmTryCompileExec4193832145.dir/src.c.o   -c /home/sean/development/projects/cube_spinner/build/linux/SDL/CMakeFiles/CMakeTmp/src.c
cc: error: unrecognized command line option ‘-maltivec’
make[1]: *** [CMakeFiles/cmTryCompileExec4193832145.dir/src.c.o] Error 1
make[1]: Leaving directory `/home/sean/development/projects/cube_spinner/build/linux/SDL/CMakeFiles/CMakeTmp'
make: *** [cmTryCompileExec4193832145/fast] Error 2

Source file was:

          #include <altivec.h>
          vector unsigned int vzero() {
              return vec_splat_u32(0);
          }
          int main(int argc, char **argv) { }
Performing C SOURCE FILE Test HAVE_ALTIVEC failed with the following output:
Change Dir: /home/sean/development/projects/cube_spinner/build/linux/SDL/CMakeFiles/CMakeTmp

Run Build Command:/usr/bin/make "cmTryCompileExec870233901/fast"
/usr/bin/make -f CMakeFiles/cmTryCompileExec870233901.dir/build.make CMakeFiles/cmTryCompileExec870233901.dir/build
make[1]: Entering directory `/home/sean/development/projects/cube_spinner/build/linux/SDL/CMakeFiles/CMakeTmp'
/usr/bin/cmake -E cmake_progress_report /home/sean/development/projects/cube_spinner/build/linux/SDL/CMakeFiles/CMakeTmp/CMakeFiles 1
Building C object CMakeFiles/cmTryCompileExec870233901.dir/src.c.o
/usr/bin/cc   -g -O3 -DHAVE_ALTIVEC -maltivec   -o CMakeFiles/cmTryCompileExec870233901.dir/src.c.o   -c /home/sean/development/projects/cube_spinner/build/linux/SDL/CMakeFiles/CMakeTmp/src.c
cc: error: unrecognized command line option ‘-maltivec’
make[1]: *** [CMakeFiles/cmTryCompileExec870233901.dir/src.c.o] Error 1
make[1]: Leaving directory `/home/sean/development/projects/cube_spinner/build/linux/SDL/CMakeFiles/CMakeTmp'
make: *** [cmTryCompileExec870233901/fast] Error 2

Source file was:

          vector unsigned int vzero() {
              return vec_splat_u32(0);
          }
          int main(int argc, char **argv) { }
Determining if the function strlcpy exists failed with the following output:
Change Dir: /home/sean/development/projects/cube_spinner/build/linux/SDL/CMakeFiles/CMakeTmp

Run Build Command:/usr/bin/make "cmTryCompileExec2027705907/fast"
/usr/bin/make -f CMakeFiles/cmTryCompileExec2027705907.dir/build.make CMakeFiles/cmTryCompileExec2027705907.dir/build
make[1]: Entering directory `/home/sean/development/projects/cube_spinner/build/linux/SDL/CMakeFiles/CMakeTmp'
/usr/bin/cmake -E cmake_progress_report /home/sean/development/projects/cube_spinner/build/linux/SDL/CMakeFiles/CMakeTmp/CMakeFiles 1
Building C object CMakeFiles/cmTryCompileExec2027705907.dir/CheckFunctionExists.c.o
/usr/bin/cc   -g -O3 -DCHECK_FUNCTION_EXISTS=strlcpy   -o CMakeFiles/cmTryCompileExec2027705907.dir/CheckFunctionExists.c.o   -c /usr/share/cmake-2.8/Modules/CheckFunctionExists.c
Linking C executable cmTryCompileExec2027705907
/usr/bin/cmake -E cmake_link_script CMakeFiles/cmTryCompileExec2027705907.dir/link.txt --verbose=1
/usr/bin/cc  -g -O3 -DCHECK_FUNCTION_EXISTS=strlcpy    CMakeFiles/cmTryCompileExec2027705907.dir/CheckFunctionExists.c.o  -o cmTryCompileExec2027705907 -rdynamic 
CMakeFiles/cmTryCompileExec2027705907.dir/CheckFunctionExists.c.o: In function `main':
/usr/share/cmake-2.8/Modules/CheckFunctionExists.c:11: undefined reference to `strlcpy'
collect2: error: ld returned 1 exit status
make[1]: *** [cmTryCompileExec2027705907] Error 1
make[1]: Leaving directory `/home/sean/development/projects/cube_spinner/build/linux/SDL/CMakeFiles/CMakeTmp'
make: *** [cmTryCompileExec2027705907/fast] Error 2


Determining if the function strlcat exists failed with the following output:
Change Dir: /home/sean/development/projects/cube_spinner/build/linux/SDL/CMakeFiles/CMakeTmp

Run Build Command:/usr/bin/make "cmTryCompileExec2203153843/fast"
/usr/bin/make -f CMakeFiles/cmTryCompileExec2203153843.dir/build.make CMakeFiles/cmTryCompileExec2203153843.dir/build
make[1]: Entering directory `/home/sean/development/projects/cube_spinner/build/linux/SDL/CMakeFiles/CMakeTmp'
/usr/bin/cmake -E cmake_progress_report /home/sean/development/projects/cube_spinner/build/linux/SDL/CMakeFiles/CMakeTmp/CMakeFiles 1
Building C object CMakeFiles/cmTryCompileExec2203153843.dir/CheckFunctionExists.c.o
/usr/bin/cc   -g -O3 -DCHECK_FUNCTION_EXISTS=strlcat   -o CMakeFiles/cmTryCompileExec2203153843.dir/CheckFunctionExists.c.o   -c /usr/share/cmake-2.8/Modules/CheckFunctionExists.c
Linking C executable cmTryCompileExec2203153843
/usr/bin/cmake -E cmake_link_script CMakeFiles/cmTryCompileExec2203153843.dir/link.txt --verbose=1
/usr/bin/cc  -g -O3 -DCHECK_FUNCTION_EXISTS=strlcat    CMakeFiles/cmTryCompileExec2203153843.dir/CheckFunctionExists.c.o  -o cmTryCompileExec2203153843 -rdynamic 
CMakeFiles/cmTryCompileExec2203153843.dir/CheckFunctionExists.c.o: In function `main':
/usr/share/cmake-2.8/Modules/CheckFunctionExists.c:11: undefined reference to `strlcat'
collect2: error: ld returned 1 exit status
make[1]: *** [cmTryCompileExec2203153843] Error 1
make[1]: Leaving directory `/home/sean/development/projects/cube_spinner/build/linux/SDL/CMakeFiles/CMakeTmp'
make: *** [cmTryCompileExec2203153843/fast] Error 2


Determining if the function _strrev exists failed with the following output:
Change Dir: /home/sean/development/projects/cube_spinner/build/linux/SDL/CMakeFiles/CMakeTmp

Run Build Command:/usr/bin/make "cmTryCompileExec1499956482/fast"
/usr/bin/make -f CMakeFiles/cmTryCompileExec1499956482.dir/build.make CMakeFiles/cmTryCompileExec1499956482.dir/build
make[1]: Entering directory `/home/sean/development/projects/cube_spinner/build/linux/SDL/CMakeFiles/CMakeTmp'
/usr/bin/cmake -E cmake_progress_report /home/sean/development/projects/cube_spinner/build/linux/SDL/CMakeFiles/CMakeTmp/CMakeFiles 1
Building C object CMakeFiles/cmTryCompileExec1499956482.dir/CheckFunctionExists.c.o
/usr/bin/cc   -g -O3 -DCHECK_FUNCTION_EXISTS=_strrev   -o CMakeFiles/cmTryCompileExec1499956482.dir/CheckFunctionExists.c.o   -c /usr/share/cmake-2.8/Modules/CheckFunctionExists.c
Linking C executable cmTryCompileExec1499956482
/usr/bin/cmake -E cmake_link_script CMakeFiles/cmTryCompileExec1499956482.dir/link.txt --verbose=1
/usr/bin/cc  -g -O3 -DCHECK_FUNCTION_EXISTS=_strrev    CMakeFiles/cmTryCompileExec1499956482.dir/CheckFunctionExists.c.o  -o cmTryCompileExec1499956482 -rdynamic 
CMakeFiles/cmTryCompileExec1499956482.dir/CheckFunctionExists.c.o: In function `main':
/usr/share/cmake-2.8/Modules/CheckFunctionExists.c:11: undefined reference to `_strrev'
collect2: error: ld returned 1 exit status
make[1]: *** [cmTryCompileExec1499956482] Error 1
make[1]: Leaving directory `/home/sean/development/projects/cube_spinner/build/linux/SDL/CMakeFiles/CMakeTmp'
make: *** [cmTryCompileExec1499956482/fast] Error 2


Determining if the function _strupr exists failed with the following output:
Change Dir: /home/sean/development/projects/cube_spinner/build/linux/SDL/CMakeFiles/CMakeTmp

Run Build Command:/usr/bin/make "cmTryCompileExec2373592687/fast"
/usr/bin/make -f CMakeFiles/cmTryCompileExec2373592687.dir/build.make CMakeFiles/cmTryCompileExec2373592687.dir/build
make[1]: Entering directory `/home/sean/development/projects/cube_spinner/build/linux/SDL/CMakeFiles/CMakeTmp'
/usr/bin/cmake -E cmake_progress_report /home/sean/development/projects/cube_spinner/build/linux/SDL/CMakeFiles/CMakeTmp/CMakeFiles 1
Building C object CMakeFiles/cmTryCompileExec2373592687.dir/CheckFunctionExists.c.o
/usr/bin/cc   -g -O3 -DCHECK_FUNCTION_EXISTS=_strupr   -o CMakeFiles/cmTryCompileExec2373592687.dir/CheckFunctionExists.c.o   -c /usr/share/cmake-2.8/Modules/CheckFunctionExists.c
Linking C executable cmTryCompileExec2373592687
/usr/bin/cmake -E cmake_link_script CMakeFiles/cmTryCompileExec2373592687.dir/link.txt --verbose=1
/usr/bin/cc  -g -O3 -DCHECK_FUNCTION_EXISTS=_strupr    CMakeFiles/cmTryCompileExec2373592687.dir/CheckFunctionExists.c.o  -o cmTryCompileExec2373592687 -rdynamic 
CMakeFiles/cmTryCompileExec2373592687.dir/CheckFunctionExists.c.o: In function `main':
/usr/share/cmake-2.8/Modules/CheckFunctionExists.c:11: undefined reference to `_strupr'
collect2: error: ld returned 1 exit status
make[1]: *** [cmTryCompileExec2373592687] Error 1
make[1]: Leaving directory `/home/sean/development/projects/cube_spinner/build/linux/SDL/CMakeFiles/CMakeTmp'
make: *** [cmTryCompileExec2373592687/fast] Error 2


Determining if the function _strlwr exists failed with the following output:
Change Dir: /home/sean/development/projects/cube_spinner/build/linux/SDL/CMakeFiles/CMakeTmp

Run Build Command:/usr/bin/make "cmTryCompileExec1664118371/fast"
/usr/bin/make -f CMakeFiles/cmTryCompileExec1664118371.dir/build.make CMakeFiles/cmTryCompileExec1664118371.dir/build
make[1]: Entering directory `/home/sean/development/projects/cube_spinner/build/linux/SDL/CMakeFiles/CMakeTmp'
/usr/bin/cmake -E cmake_progress_report /home/sean/development/projects/cube_spinner/build/linux/SDL/CMakeFiles/CMakeTmp/CMakeFiles 1
Building C object CMakeFiles/cmTryCompileExec1664118371.dir/CheckFunctionExists.c.o
/usr/bin/cc   -g -O3 -DCHECK_FUNCTION_EXISTS=_strlwr   -o CMakeFiles/cmTryCompileExec1664118371.dir/CheckFunctionExists.c.o   -c /usr/share/cmake-2.8/Modules/CheckFunctionExists.c
Linking C executable cmTryCompileExec1664118371
/usr/bin/cmake -E cmake_link_script CMakeFiles/cmTryCompileExec1664118371.dir/link.txt --verbose=1
/usr/bin/cc  -g -O3 -DCHECK_FUNCTION_EXISTS=_strlwr    CMakeFiles/cmTryCompileExec1664118371.dir/CheckFunctionExists.c.o  -o cmTryCompileExec1664118371 -rdynamic 
CMakeFiles/cmTryCompileExec1664118371.dir/CheckFunctionExists.c.o: In function `main':
/usr/share/cmake-2.8/Modules/CheckFunctionExists.c:11: undefined reference to `_strlwr'
collect2: error: ld returned 1 exit status
make[1]: *** [cmTryCompileExec1664118371] Error 1
make[1]: Leaving directory `/home/sean/development/projects/cube_spinner/build/linux/SDL/CMakeFiles/CMakeTmp'
make: *** [cmTryCompileExec1664118371/fast] Error 2


Determining if the function itoa exists failed with the following output:
Change Dir: /home/sean/development/projects/cube_spinner/build/linux/SDL/CMakeFiles/CMakeTmp

Run Build Command:/usr/bin/make "cmTryCompileExec540450049/fast"
/usr/bin/make -f CMakeFiles/cmTryCompileExec540450049.dir/build.make CMakeFiles/cmTryCompileExec540450049.dir/build
make[1]: Entering directory `/home/sean/development/projects/cube_spinner/build/linux/SDL/CMakeFiles/CMakeTmp'
/usr/bin/cmake -E cmake_progress_report /home/sean/development/projects/cube_spinner/build/linux/SDL/CMakeFiles/CMakeTmp/CMakeFiles 1
Building C object CMakeFiles/cmTryCompileExec540450049.dir/CheckFunctionExists.c.o
/usr/bin/cc   -g -O3 -DCHECK_FUNCTION_EXISTS=itoa   -o CMakeFiles/cmTryCompileExec540450049.dir/CheckFunctionExists.c.o   -c /usr/share/cmake-2.8/Modules/CheckFunctionExists.c
Linking C executable cmTryCompileExec540450049
/usr/bin/cmake -E cmake_link_script CMakeFiles/cmTryCompileExec540450049.dir/link.txt --verbose=1
/usr/bin/cc  -g -O3 -DCHECK_FUNCTION_EXISTS=itoa    CMakeFiles/cmTryCompileExec540450049.dir/CheckFunctionExists.c.o  -o cmTryCompileExec540450049 -rdynamic 
CMakeFiles/cmTryCompileExec540450049.dir/CheckFunctionExists.c.o: In function `main':
/usr/share/cmake-2.8/Modules/CheckFunctionExists.c:11: undefined reference to `itoa'
collect2: error: ld returned 1 exit status
make[1]: *** [cmTryCompileExec540450049] Error 1
make[1]: Leaving directory `/home/sean/development/projects/cube_spinner/build/linux/SDL/CMakeFiles/CMakeTmp'
make: *** [cmTryCompileExec540450049/fast] Error 2


Determining if the function _ltoa exists failed with the following output:
Change Dir: /home/sean/development/projects/cube_spinner/build/linux/SDL/CMakeFiles/CMakeTmp

Run Build Command:/usr/bin/make "cmTryCompileExec1261703277/fast"
/usr/bin/make -f CMakeFiles/cmTryCompileExec1261703277.dir/build.make CMakeFiles/cmTryCompileExec1261703277.dir/build
make[1]: Entering directory `/home/sean/development/projects/cube_spinner/build/linux/SDL/CMakeFiles/CMakeTmp'
/usr/bin/cmake -E cmake_progress_report /home/sean/development/projects/cube_spinner/build/linux/SDL/CMakeFiles/CMakeTmp/CMakeFiles 1
Building C object CMakeFiles/cmTryCompileExec1261703277.dir/CheckFunctionExists.c.o
/usr/bin/cc   -g -O3 -DCHECK_FUNCTION_EXISTS=_ltoa   -o CMakeFiles/cmTryCompileExec1261703277.dir/CheckFunctionExists.c.o   -c /usr/share/cmake-2.8/Modules/CheckFunctionExists.c
Linking C executable cmTryCompileExec1261703277
/usr/bin/cmake -E cmake_link_script CMakeFiles/cmTryCompileExec1261703277.dir/link.txt --verbose=1
/usr/bin/cc  -g -O3 -DCHECK_FUNCTION_EXISTS=_ltoa    CMakeFiles/cmTryCompileExec1261703277.dir/CheckFunctionExists.c.o  -o cmTryCompileExec1261703277 -rdynamic 
CMakeFiles/cmTryCompileExec1261703277.dir/CheckFunctionExists.c.o: In function `main':
/usr/share/cmake-2.8/Modules/CheckFunctionExists.c:11: undefined reference to `_ltoa'
collect2: error: ld returned 1 exit status
make[1]: *** [cmTryCompileExec1261703277] Error 1
make[1]: Leaving directory `/home/sean/development/projects/cube_spinner/build/linux/SDL/CMakeFiles/CMakeTmp'
make: *** [cmTryCompileExec1261703277/fast] Error 2


Determining if the function _uitoa exists failed with the following output:
Change Dir: /home/sean/development/projects/cube_spinner/build/linux/SDL/CMakeFiles/CMakeTmp

Run Build Command:/usr/bin/make "cmTryCompileExec625338575/fast"
/usr/bin/make -f CMakeFiles/cmTryCompileExec625338575.dir/build.make CMakeFiles/cmTryCompileExec625338575.dir/build
make[1]: Entering directory `/home/sean/development/projects/cube_spinner/build/linux/SDL/CMakeFiles/CMakeTmp'
/usr/bin/cmake -E cmake_progress_report /home/sean/development/projects/cube_spinner/build/linux/SDL/CMakeFiles/CMakeTmp/CMakeFiles 1
Building C object CMakeFiles/cmTryCompileExec625338575.dir/CheckFunctionExists.c.o
/usr/bin/cc   -g -O3 -DCHECK_FUNCTION_EXISTS=_uitoa   -o CMakeFiles/cmTryCompileExec625338575.dir/CheckFunctionExists.c.o   -c /usr/share/cmake-2.8/Modules/CheckFunctionExists.c
Linking C executable cmTryCompileExec625338575
/usr/bin/cmake -E cmake_link_script CMakeFiles/cmTryCompileExec625338575.dir/link.txt --verbose=1
/usr/bin/cc  -g -O3 -DCHECK_FUNCTION_EXISTS=_uitoa    CMakeFiles/cmTryCompileExec625338575.dir/CheckFunctionExists.c.o  -o cmTryCompileExec625338575 -rdynamic 
CMakeFiles/cmTryCompileExec625338575.dir/CheckFunctionExists.c.o: In function `main':
/usr/share/cmake-2.8/Modules/CheckFunctionExists.c:11: undefined reference to `_uitoa'
collect2: error: ld returned 1 exit status
make[1]: *** [cmTryCompileExec625338575] Error 1
make[1]: Leaving directory `/home/sean/development/projects/cube_spinner/build/linux/SDL/CMakeFiles/CMakeTmp'
make: *** [cmTryCompileExec625338575/fast] Error 2


Determining if the function _ultoa exists failed with the following output:
Change Dir: /home/sean/development/projects/cube_spinner/build/linux/SDL/CMakeFiles/CMakeTmp

Run Build Command:/usr/bin/make "cmTryCompileExec451948269/fast"
/usr/bin/make -f CMakeFiles/cmTryCompileExec451948269.dir/build.make CMakeFiles/cmTryCompileExec451948269.dir/build
make[1]: Entering directory `/home/sean/development/projects/cube_spinner/build/linux/SDL/CMakeFiles/CMakeTmp'
/usr/bin/cmake -E cmake_progress_report /home/sean/development/projects/cube_spinner/build/linux/SDL/CMakeFiles/CMakeTmp/CMakeFiles 1
Building C object CMakeFiles/cmTryCompileExec451948269.dir/CheckFunctionExists.c.o
/usr/bin/cc   -g -O3 -DCHECK_FUNCTION_EXISTS=_ultoa   -o CMakeFiles/cmTryCompileExec451948269.dir/CheckFunctionExists.c.o   -c /usr/share/cmake-2.8/Modules/CheckFunctionExists.c
Linking C executable cmTryCompileExec451948269
/usr/bin/cmake -E cmake_link_script CMakeFiles/cmTryCompileExec451948269.dir/link.txt --verbose=1
/usr/bin/cc  -g -O3 -DCHECK_FUNCTION_EXISTS=_ultoa    CMakeFiles/cmTryCompileExec451948269.dir/CheckFunctionExists.c.o  -o cmTryCompileExec451948269 -rdynamic 
CMakeFiles/cmTryCompileExec451948269.dir/CheckFunctionExists.c.o: In function `main':
/usr/share/cmake-2.8/Modules/CheckFunctionExists.c:11: undefined reference to `_ultoa'
collect2: error: ld returned 1 exit status
make[1]: *** [cmTryCompileExec451948269] Error 1
make[1]: Leaving directory `/home/sean/development/projects/cube_spinner/build/linux/SDL/CMakeFiles/CMakeTmp'
make: *** [cmTryCompileExec451948269/fast] Error 2


Determining if the function _i64toa exists failed with the following output:
Change Dir: /home/sean/development/projects/cube_spinner/build/linux/SDL/CMakeFiles/CMakeTmp

Run Build Command:/usr/bin/make "cmTryCompileExec1601324430/fast"
/usr/bin/make -f CMakeFiles/cmTryCompileExec1601324430.dir/build.make CMakeFiles/cmTryCompileExec1601324430.dir/build
make[1]: Entering directory `/home/sean/development/projects/cube_spinner/build/linux/SDL/CMakeFiles/CMakeTmp'
/usr/bin/cmake -E cmake_progress_report /home/sean/development/projects/cube_spinner/build/linux/SDL/CMakeFiles/CMakeTmp/CMakeFiles 1
Building C object CMakeFiles/cmTryCompileExec1601324430.dir/CheckFunctionExists.c.o
/usr/bin/cc   -g -O3 -DCHECK_FUNCTION_EXISTS=_i64toa   -o CMakeFiles/cmTryCompileExec1601324430.dir/CheckFunctionExists.c.o   -c /usr/share/cmake-2.8/Modules/CheckFunctionExists.c
Linking C executable cmTryCompileExec1601324430
/usr/bin/cmake -E cmake_link_script CMakeFiles/cmTryCompileExec1601324430.dir/link.txt --verbose=1
/usr/bin/cc  -g -O3 -DCHECK_FUNCTION_EXISTS=_i64toa    CMakeFiles/cmTryCompileExec1601324430.dir/CheckFunctionExists.c.o  -o cmTryCompileExec1601324430 -rdynamic 
CMakeFiles/cmTryCompileExec1601324430.dir/CheckFunctionExists.c.o: In function `main':
/usr/share/cmake-2.8/Modules/CheckFunctionExists.c:11: undefined reference to `_i64toa'
collect2: error: ld returned 1 exit status
make[1]: *** [cmTryCompileExec1601324430] Error 1
make[1]: Leaving directory `/home/sean/development/projects/cube_spinner/build/linux/SDL/CMakeFiles/CMakeTmp'
make: *** [cmTryCompileExec1601324430/fast] Error 2


Determining if the function _ui64toa exists failed with the following output:
Change Dir: /home/sean/development/projects/cube_spinner/build/linux/SDL/CMakeFiles/CMakeTmp

Run Build Command:/usr/bin/make "cmTryCompileExec3297958768/fast"
/usr/bin/make -f CMakeFiles/cmTryCompileExec3297958768.dir/build.make CMakeFiles/cmTryCompileExec3297958768.dir/build
make[1]: Entering directory `/home/sean/development/projects/cube_spinner/build/linux/SDL/CMakeFiles/CMakeTmp'
/usr/bin/cmake -E cmake_progress_report /home/sean/development/projects/cube_spinner/build/linux/SDL/CMakeFiles/CMakeTmp/CMakeFiles 1
Building C object CMakeFiles/cmTryCompileExec3297958768.dir/CheckFunctionExists.c.o
/usr/bin/cc   -g -O3 -DCHECK_FUNCTION_EXISTS=_ui64toa   -o CMakeFiles/cmTryCompileExec3297958768.dir/CheckFunctionExists.c.o   -c /usr/share/cmake-2.8/Modules/CheckFunctionExists.c
Linking C executable cmTryCompileExec3297958768
/usr/bin/cmake -E cmake_link_script CMakeFiles/cmTryCompileExec3297958768.dir/link.txt --verbose=1
/usr/bin/cc  -g -O3 -DCHECK_FUNCTION_EXISTS=_ui64toa    CMakeFiles/cmTryCompileExec3297958768.dir/CheckFunctionExists.c.o  -o cmTryCompileExec3297958768 -rdynamic 
CMakeFiles/cmTryCompileExec3297958768.dir/CheckFunctionExists.c.o: In function `main':
/usr/share/cmake-2.8/Modules/CheckFunctionExists.c:11: undefined reference to `_ui64toa'
collect2: error: ld returned 1 exit status
make[1]: *** [cmTryCompileExec3297958768] Error 1
make[1]: Leaving directory `/home/sean/development/projects/cube_spinner/build/linux/SDL/CMakeFiles/CMakeTmp'
make: *** [cmTryCompileExec3297958768/fast] Error 2


Determining if the function _stricmp exists failed with the following output:
Change Dir: /home/sean/development/projects/cube_spinner/build/linux/SDL/CMakeFiles/CMakeTmp

Run Build Command:/usr/bin/make "cmTryCompileExec2118292294/fast"
/usr/bin/make -f CMakeFiles/cmTryCompileExec2118292294.dir/build.make CMakeFiles/cmTryCompileExec2118292294.dir/build
make[1]: Entering directory `/home/sean/development/projects/cube_spinner/build/linux/SDL/CMakeFiles/CMakeTmp'
/usr/bin/cmake -E cmake_progress_report /home/sean/development/projects/cube_spinner/build/linux/SDL/CMakeFiles/CMakeTmp/CMakeFiles 1
Building C object CMakeFiles/cmTryCompileExec2118292294.dir/CheckFunctionExists.c.o
/usr/bin/cc   -g -O3 -DCHECK_FUNCTION_EXISTS=_stricmp   -o CMakeFiles/cmTryCompileExec2118292294.dir/CheckFunctionExists.c.o   -c /usr/share/cmake-2.8/Modules/CheckFunctionExists.c
Linking C executable cmTryCompileExec2118292294
/usr/bin/cmake -E cmake_link_script CMakeFiles/cmTryCompileExec2118292294.dir/link.txt --verbose=1
/usr/bin/cc  -g -O3 -DCHECK_FUNCTION_EXISTS=_stricmp    CMakeFiles/cmTryCompileExec2118292294.dir/CheckFunctionExists.c.o  -o cmTryCompileExec2118292294 -rdynamic 
CMakeFiles/cmTryCompileExec2118292294.dir/CheckFunctionExists.c.o: In function `main':
/usr/share/cmake-2.8/Modules/CheckFunctionExists.c:11: undefined reference to `_stricmp'
collect2: error: ld returned 1 exit status
make[1]: *** [cmTryCompileExec2118292294] Error 1
make[1]: Leaving directory `/home/sean/development/projects/cube_spinner/build/linux/SDL/CMakeFiles/CMakeTmp'
make: *** [cmTryCompileExec2118292294/fast] Error 2


Determining if the function _strnicmp exists failed with the following output:
Change Dir: /home/sean/development/projects/cube_spinner/build/linux/SDL/CMakeFiles/CMakeTmp

Run Build Command:/usr/bin/make "cmTryCompileExec659568753/fast"
/usr/bin/make -f CMakeFiles/cmTryCompileExec659568753.dir/build.make CMakeFiles/cmTryCompileExec659568753.dir/build
make[1]: Entering directory `/home/sean/development/projects/cube_spinner/build/linux/SDL/CMakeFiles/CMakeTmp'
/usr/bin/cmake -E cmake_progress_report /home/sean/development/projects/cube_spinner/build/linux/SDL/CMakeFiles/CMakeTmp/CMakeFiles 1
Building C object CMakeFiles/cmTryCompileExec659568753.dir/CheckFunctionExists.c.o
/usr/bin/cc   -g -O3 -DCHECK_FUNCTION_EXISTS=_strnicmp   -o CMakeFiles/cmTryCompileExec659568753.dir/CheckFunctionExists.c.o   -c /usr/share/cmake-2.8/Modules/CheckFunctionExists.c
Linking C executable cmTryCompileExec659568753
/usr/bin/cmake -E cmake_link_script CMakeFiles/cmTryCompileExec659568753.dir/link.txt --verbose=1
/usr/bin/cc  -g -O3 -DCHECK_FUNCTION_EXISTS=_strnicmp    CMakeFiles/cmTryCompileExec659568753.dir/CheckFunctionExists.c.o  -o cmTryCompileExec659568753 -rdynamic 
CMakeFiles/cmTryCompileExec659568753.dir/CheckFunctionExists.c.o: In function `main':
/usr/share/cmake-2.8/Modules/CheckFunctionExists.c:11: undefined reference to `_strnicmp'
collect2: error: ld returned 1 exit status
make[1]: *** [cmTryCompileExec659568753] Error 1
make[1]: Leaving directory `/home/sean/development/projects/cube_spinner/build/linux/SDL/CMakeFiles/CMakeTmp'
make: *** [cmTryCompileExec659568753/fast] Error 2


Determining if the function sysctlbyname exists failed with the following output:
Change Dir: /home/sean/development/projects/cube_spinner/build/linux/SDL/CMakeFiles/CMakeTmp

Run Build Command:/usr/bin/make "cmTryCompileExec795957341/fast"
/usr/bin/make -f CMakeFiles/cmTryCompileExec795957341.dir/build.make CMakeFiles/cmTryCompileExec795957341.dir/build
make[1]: Entering directory `/home/sean/development/projects/cube_spinner/build/linux/SDL/CMakeFiles/CMakeTmp'
/usr/bin/cmake -E cmake_progress_report /home/sean/development/projects/cube_spinner/build/linux/SDL/CMakeFiles/CMakeTmp/CMakeFiles 1
Building C object CMakeFiles/cmTryCompileExec795957341.dir/CheckFunctionExists.c.o
/usr/bin/cc   -g -O3 -DCHECK_FUNCTION_EXISTS=sysctlbyname   -o CMakeFiles/cmTryCompileExec795957341.dir/CheckFunctionExists.c.o   -c /usr/share/cmake-2.8/Modules/CheckFunctionExists.c
Linking C executable cmTryCompileExec795957341
/usr/bin/cmake -E cmake_link_script CMakeFiles/cmTryCompileExec795957341.dir/link.txt --verbose=1
/usr/bin/cc  -g -O3 -DCHECK_FUNCTION_EXISTS=sysctlbyname    CMakeFiles/cmTryCompileExec795957341.dir/CheckFunctionExists.c.o  -o cmTryCompileExec795957341 -rdynamic 
CMakeFiles/cmTryCompileExec795957341.dir/CheckFunctionExists.c.o: In function `main':
/usr/share/cmake-2.8/Modules/CheckFunctionExists.c:11: undefined reference to `sysctlbyname'
collect2: error: ld returned 1 exit status
make[1]: *** [cmTryCompileExec795957341] Error 1
make[1]: Leaving directory `/home/sean/development/projects/cube_spinner/build/linux/SDL/CMakeFiles/CMakeTmp'
make: *** [cmTryCompileExec795957341/fast] Error 2


Determining if the function iconv_open exists in the iconv failed with the following output:
Change Dir: /home/sean/development/projects/cube_spinner/build/linux/SDL/CMakeFiles/CMakeTmp

Run Build Command:/usr/bin/make "cmTryCompileExec2258370775/fast"
/usr/bin/make -f CMakeFiles/cmTryCompileExec2258370775.dir/build.make CMakeFiles/cmTryCompileExec2258370775.dir/build
make[1]: Entering directory `/home/sean/development/projects/cube_spinner/build/linux/SDL/CMakeFiles/CMakeTmp'
/usr/bin/cmake -E cmake_progress_report /home/sean/development/projects/cube_spinner/build/linux/SDL/CMakeFiles/CMakeTmp/CMakeFiles 1
Building C object CMakeFiles/cmTryCompileExec2258370775.dir/CheckFunctionExists.c.o
/usr/bin/cc   -g -O3 -DCHECK_FUNCTION_EXISTS=iconv_open   -o CMakeFiles/cmTryCompileExec2258370775.dir/CheckFunctionExists.c.o   -c /usr/share/cmake-2.8/Modules/CheckFunctionExists.c
Linking C executable cmTryCompileExec2258370775
/usr/bin/cmake -E cmake_link_script CMakeFiles/cmTryCompileExec2258370775.dir/link.txt --verbose=1
/usr/bin/cc  -g -O3 -DCHECK_FUNCTION_EXISTS=iconv_open    CMakeFiles/cmTryCompileExec2258370775.dir/CheckFunctionExists.c.o  -o cmTryCompileExec2258370775 -rdynamic -liconv 
/usr/bin/ld: cannot find -liconv
collect2: error: ld returned 1 exit status
make[1]: *** [cmTryCompileExec2258370775] Error 1
make[1]: Leaving directory `/home/sean/development/projects/cube_spinner/build/linux/SDL/CMakeFiles/CMakeTmp'
make: *** [cmTryCompileExec2258370775/fast] Error 2


Determining if the function dlopen exists failed with the following output:
Change Dir: /home/sean/development/projects/cube_spinner/build/linux/SDL/CMakeFiles/CMakeTmp

Run Build Command:/usr/bin/make "cmTryCompileExec1001319361/fast"
/usr/bin/make -f CMakeFiles/cmTryCompileExec1001319361.dir/build.make CMakeFiles/cmTryCompileExec1001319361.dir/build
make[1]: Entering directory `/home/sean/development/projects/cube_spinner/build/linux/SDL/CMakeFiles/CMakeTmp'
/usr/bin/cmake -E cmake_progress_report /home/sean/development/projects/cube_spinner/build/linux/SDL/CMakeFiles/CMakeTmp/CMakeFiles 1
Building C object CMakeFiles/cmTryCompileExec1001319361.dir/CheckFunctionExists.c.o
/usr/bin/cc   -g -O3 -DCHECK_FUNCTION_EXISTS=dlopen   -o CMakeFiles/cmTryCompileExec1001319361.dir/CheckFunctionExists.c.o   -c /usr/share/cmake-2.8/Modules/CheckFunctionExists.c
Linking C executable cmTryCompileExec1001319361
/usr/bin/cmake -E cmake_link_script CMakeFiles/cmTryCompileExec1001319361.dir/link.txt --verbose=1
/usr/bin/cc  -g -O3 -DCHECK_FUNCTION_EXISTS=dlopen    CMakeFiles/cmTryCompileExec1001319361.dir/CheckFunctionExists.c.o  -o cmTryCompileExec1001319361 -rdynamic 
CMakeFiles/cmTryCompileExec1001319361.dir/CheckFunctionExists.c.o: In function `main':
/usr/share/cmake-2.8/Modules/CheckFunctionExists.c:11: undefined reference to `dlopen'
collect2: error: ld returned 1 exit status
make[1]: *** [cmTryCompileExec1001319361] Error 1
make[1]: Leaving directory `/home/sean/development/projects/cube_spinner/build/linux/SDL/CMakeFiles/CMakeTmp'
make: *** [cmTryCompileExec1001319361/fast] Error 2


Determining if the include file alsa/asoundlib.h exists failed with the following output:
Change Dir: /home/sean/development/projects/cube_spinner/build/linux/SDL/CMakeFiles/CMakeTmp

Run Build Command:/usr/bin/make "cmTryCompileExec3876686291/fast"
/usr/bin/make -f CMakeFiles/cmTryCompileExec3876686291.dir/build.make CMakeFiles/cmTryCompileExec3876686291.dir/build
make[1]: Entering directory `/home/sean/development/projects/cube_spinner/build/linux/SDL/CMakeFiles/CMakeTmp'
/usr/bin/cmake -E cmake_progress_report /home/sean/development/projects/cube_spinner/build/linux/SDL/CMakeFiles/CMakeTmp/CMakeFiles 1
Building C object CMakeFiles/cmTryCompileExec3876686291.dir/CheckIncludeFile.c.o
/usr/bin/cc   -g -O3    -o CMakeFiles/cmTryCompileExec3876686291.dir/CheckIncludeFile.c.o   -c /home/sean/development/projects/cube_spinner/build/linux/SDL/CMakeFiles/CMakeTmp/CheckIncludeFile.c
/home/sean/development/projects/cube_spinner/build/linux/SDL/CMakeFiles/CMakeTmp/CheckIncludeFile.c:1:28: fatal error: alsa/asoundlib.h: No such file or directory
 #include <alsa/asoundlib.h>
                            ^
compilation terminated.
make[1]: *** [CMakeFiles/cmTryCompileExec3876686291.dir/CheckIncludeFile.c.o] Error 1
make[1]: Leaving directory `/home/sean/development/projects/cube_spinner/build/linux/SDL/CMakeFiles/CMakeTmp'
make: *** [cmTryCompileExec3876686291/fast] Error 2


Determining if the include file audio/audiolib.h exists failed with the following output:
Change Dir: /home/sean/development/projects/cube_spinner/build/linux/SDL/CMakeFiles/CMakeTmp

Run Build Command:/usr/bin/make "cmTryCompileExec3177729727/fast"
/usr/bin/make -f CMakeFiles/cmTryCompileExec3177729727.dir/build.make CMakeFiles/cmTryCompileExec3177729727.dir/build
make[1]: Entering directory `/home/sean/development/projects/cube_spinner/build/linux/SDL/CMakeFiles/CMakeTmp'
/usr/bin/cmake -E cmake_progress_report /home/sean/development/projects/cube_spinner/build/linux/SDL/CMakeFiles/CMakeTmp/CMakeFiles 1
Building C object CMakeFiles/cmTryCompileExec3177729727.dir/CheckIncludeFile.c.o
/usr/bin/cc   -g -O3    -o CMakeFiles/cmTryCompileExec3177729727.dir/CheckIncludeFile.c.o   -c /home/sean/development/projects/cube_spinner/build/linux/SDL/CMakeFiles/CMakeTmp/CheckIncludeFile.c
/home/sean/development/projects/cube_spinner/build/linux/SDL/CMakeFiles/CMakeTmp/CheckIncludeFile.c:1:28: fatal error: audio/audiolib.h: No such file or directory
 #include <audio/audiolib.h>
                            ^
compilation terminated.
make[1]: *** [CMakeFiles/cmTryCompileExec3177729727.dir/CheckIncludeFile.c.o] Error 1
make[1]: Leaving directory `/home/sean/development/projects/cube_spinner/build/linux/SDL/CMakeFiles/CMakeTmp'
make: *** [cmTryCompileExec3177729727/fast] Error 2


Determining if the include file sndio.h exists failed with the following output:
Change Dir: /home/sean/development/projects/cube_spinner/build/linux/SDL/CMakeFiles/CMakeTmp

Run Build Command:/usr/bin/make "cmTryCompileExec319663211/fast"
/usr/bin/make -f CMakeFiles/cmTryCompileExec319663211.dir/build.make CMakeFiles/cmTryCompileExec319663211.dir/build
make[1]: Entering directory `/home/sean/development/projects/cube_spinner/build/linux/SDL/CMakeFiles/CMakeTmp'
/usr/bin/cmake -E cmake_progress_report /home/sean/development/projects/cube_spinner/build/linux/SDL/CMakeFiles/CMakeTmp/CMakeFiles 1
Building C object CMakeFiles/cmTryCompileExec319663211.dir/CheckIncludeFile.c.o
/usr/bin/cc   -g -O3    -o CMakeFiles/cmTryCompileExec319663211.dir/CheckIncludeFile.c.o   -c /home/sean/development/projects/cube_spinner/build/linux/SDL/CMakeFiles/CMakeTmp/CheckIncludeFile.c
/home/sean/development/projects/cube_spinner/build/linux/SDL/CMakeFiles/CMakeTmp/CheckIncludeFile.c:1:19: fatal error: sndio.h: No such file or directory
 #include <sndio.h>
                   ^
compilation terminated.
make[1]: *** [CMakeFiles/cmTryCompileExec319663211.dir/CheckIncludeFile.c.o] Error 1
make[1]: Leaving directory `/home/sean/development/projects/cube_spinner/build/linux/SDL/CMakeFiles/CMakeTmp'
make: *** [cmTryCompileExec319663211/fast] Error 2


Determining if the include file X11/Xcursor/Xcursor.h exists failed with the following output:
Change Dir: /home/sean/development/projects/cube_spinner/build/linux/SDL/CMakeFiles/CMakeTmp

Run Build Command:/usr/bin/make "cmTryCompileExec968568647/fast"
/usr/bin/make -f CMakeFiles/cmTryCompileExec968568647.dir/build.make CMakeFiles/cmTryCompileExec968568647.dir/build
make[1]: Entering directory `/home/sean/development/projects/cube_spinner/build/linux/SDL/CMakeFiles/CMakeTmp'
/usr/bin/cmake -E cmake_progress_report /home/sean/development/projects/cube_spinner/build/linux/SDL/CMakeFiles/CMakeTmp/CMakeFiles 1
Building C object CMakeFiles/cmTryCompileExec968568647.dir/CheckIncludeFile.c.o
/usr/bin/cc   -g -O3    -o CMakeFiles/cmTryCompileExec968568647.dir/CheckIncludeFile.c.o   -c /home/sean/development/projects/cube_spinner/build/linux/SDL/CMakeFiles/CMakeTmp/CheckIncludeFile.c
/home/sean/development/projects/cube_spinner/build/linux/SDL/CMakeFiles/CMakeTmp/CheckIncludeFile.c:1:33: fatal error: X11/Xcursor/Xcursor.h: No such file or directory
 #include <X11/Xcursor/Xcursor.h>
                                 ^
compilation terminated.
make[1]: *** [CMakeFiles/cmTryCompileExec968568647.dir/CheckIncludeFile.c.o] Error 1
make[1]: Leaving directory `/home/sean/development/projects/cube_spinner/build/linux/SDL/CMakeFiles/CMakeTmp'
make: *** [cmTryCompileExec968568647/fast] Error 2


Determining if the include file X11/extensions/Xinerama.h exists failed with the following output:
Change Dir: /home/sean/development/projects/cube_spinner/build/linux/SDL/CMakeFiles/CMakeTmp

Run Build Command:/usr/bin/make "cmTryCompileExec4005932229/fast"
/usr/bin/make -f CMakeFiles/cmTryCompileExec4005932229.dir/build.make CMakeFiles/cmTryCompileExec4005932229.dir/build
make[1]: Entering directory `/home/sean/development/projects/cube_spinner/build/linux/SDL/CMakeFiles/CMakeTmp'
/usr/bin/cmake -E cmake_progress_report /home/sean/development/projects/cube_spinner/build/linux/SDL/CMakeFiles/CMakeTmp/CMakeFiles 1
Building C object CMakeFiles/cmTryCompileExec4005932229.dir/CheckIncludeFile.c.o
/usr/bin/cc   -g -O3    -o CMakeFiles/cmTryCompileExec4005932229.dir/CheckIncludeFile.c.o   -c /home/sean/development/projects/cube_spinner/build/linux/SDL/CMakeFiles/CMakeTmp/CheckIncludeFile.c
/home/sean/development/projects/cube_spinner/build/linux/SDL/CMakeFiles/CMakeTmp/CheckIncludeFile.c:1:37: fatal error: X11/extensions/Xinerama.h: No such file or directory
 #include <X11/extensions/Xinerama.h>
                                     ^
compilation terminated.
make[1]: *** [CMakeFiles/cmTryCompileExec4005932229.dir/CheckIncludeFile.c.o] Error 1
make[1]: Leaving directory `/home/sean/development/projects/cube_spinner/build/linux/SDL/CMakeFiles/CMakeTmp'
make: *** [cmTryCompileExec4005932229/fast] Error 2


Determining if the include file X11/extensions/XInput2.h exists failed with the following output:
Change Dir: /home/sean/development/projects/cube_spinner/build/linux/SDL/CMakeFiles/CMakeTmp

Run Build Command:/usr/bin/make "cmTryCompileExec297658747/fast"
/usr/bin/make -f CMakeFiles/cmTryCompileExec297658747.dir/build.make CMakeFiles/cmTryCompileExec297658747.dir/build
make[1]: Entering directory `/home/sean/development/projects/cube_spinner/build/linux/SDL/CMakeFiles/CMakeTmp'
/usr/bin/cmake -E cmake_progress_report /home/sean/development/projects/cube_spinner/build/linux/SDL/CMakeFiles/CMakeTmp/CMakeFiles 1
Building C object CMakeFiles/cmTryCompileExec297658747.dir/CheckIncludeFile.c.o
/usr/bin/cc   -g -O3    -o CMakeFiles/cmTryCompileExec297658747.dir/CheckIncludeFile.c.o   -c /home/sean/development/projects/cube_spinner/build/linux/SDL/CMakeFiles/CMakeTmp/CheckIncludeFile.c
/home/sean/development/projects/cube_spinner/build/linux/SDL/CMakeFiles/CMakeTmp/CheckIncludeFile.c:1:36: fatal error: X11/extensions/XInput2.h: No such file or directory
 #include <X11/extensions/XInput2.h>
                                    ^
compilation terminated.
make[1]: *** [CMakeFiles/cmTryCompileExec297658747.dir/CheckIncludeFile.c.o] Error 1
make[1]: Leaving directory `/home/sean/development/projects/cube_spinner/build/linux/SDL/CMakeFiles/CMakeTmp'
make: *** [cmTryCompileExec297658747/fast] Error 2


Determining if the include file X11/extensions/Xrandr.h exists failed with the following output:
Change Dir: /home/sean/development/projects/cube_spinner/build/linux/SDL/CMakeFiles/CMakeTmp

Run Build Command:/usr/bin/make "cmTryCompileExec3957020955/fast"
/usr/bin/make -f CMakeFiles/cmTryCompileExec3957020955.dir/build.make CMakeFiles/cmTryCompileExec3957020955.dir/build
make[1]: Entering directory `/home/sean/development/projects/cube_spinner/build/linux/SDL/CMakeFiles/CMakeTmp'
/usr/bin/cmake -E cmake_progress_report /home/sean/development/projects/cube_spinner/build/linux/SDL/CMakeFiles/CMakeTmp/CMakeFiles 1
Building C object CMakeFiles/cmTryCompileExec3957020955.dir/CheckIncludeFile.c.o
/usr/bin/cc   -g -O3    -o CMakeFiles/cmTryCompileExec3957020955.dir/CheckIncludeFile.c.o   -c /home/sean/development/projects/cube_spinner/build/linux/SDL/CMakeFiles/CMakeTmp/CheckIncludeFile.c
/home/sean/development/projects/cube_spinner/build/linux/SDL/CMakeFiles/CMakeTmp/CheckIncludeFile.c:1:35: fatal error: X11/extensions/Xrandr.h: No such file or directory
 #include <X11/extensions/Xrandr.h>
                                   ^
compilation terminated.
make[1]: *** [CMakeFiles/cmTryCompileExec3957020955.dir/CheckIncludeFile.c.o] Error 1
make[1]: Leaving directory `/home/sean/development/projects/cube_spinner/build/linux/SDL/CMakeFiles/CMakeTmp'
make: *** [cmTryCompileExec3957020955/fast] Error 2


Determining if the include file X11/extensions/Xrender.h exists failed with the following output:
Change Dir: /home/sean/development/projects/cube_spinner/build/linux/SDL/CMakeFiles/CMakeTmp

Run Build Command:/usr/bin/make "cmTryCompileExec3383158994/fast"
/usr/bin/make -f CMakeFiles/cmTryCompileExec3383158994.dir/build.make CMakeFiles/cmTryCompileExec3383158994.dir/build
make[1]: Entering directory `/home/sean/development/projects/cube_spinner/build/linux/SDL/CMakeFiles/CMakeTmp'
/usr/bin/cmake -E cmake_progress_report /home/sean/development/projects/cube_spinner/build/linux/SDL/CMakeFiles/CMakeTmp/CMakeFiles 1
Building C object CMakeFiles/cmTryCompileExec3383158994.dir/CheckIncludeFile.c.o
/usr/bin/cc   -g -O3    -o CMakeFiles/cmTryCompileExec3383158994.dir/CheckIncludeFile.c.o   -c /home/sean/development/projects/cube_spinner/build/linux/SDL/CMakeFiles/CMakeTmp/CheckIncludeFile.c
/home/sean/development/projects/cube_spinner/build/linux/SDL/CMakeFiles/CMakeTmp/CheckIncludeFile.c:1:36: fatal error: X11/extensions/Xrender.h: No such file or directory
 #include <X11/extensions/Xrender.h>
                                    ^
compilation terminated.
make[1]: *** [CMakeFiles/cmTryCompileExec3383158994.dir/CheckIncludeFile.c.o] Error 1
make[1]: Leaving directory `/home/sean/development/projects/cube_spinner/build/linux/SDL/CMakeFiles/CMakeTmp'
make: *** [cmTryCompileExec3383158994/fast] Error 2


Determining if the include file X11/extensions/scrnsaver.h exists failed with the following output:
Change Dir: /home/sean/development/projects/cube_spinner/build/linux/SDL/CMakeFiles/CMakeTmp

Run Build Command:/usr/bin/make "cmTryCompileExec1218311263/fast"
/usr/bin/make -f CMakeFiles/cmTryCompileExec1218311263.dir/build.make CMakeFiles/cmTryCompileExec1218311263.dir/build
make[1]: Entering directory `/home/sean/development/projects/cube_spinner/build/linux/SDL/CMakeFiles/CMakeTmp'
/usr/bin/cmake -E cmake_progress_report /home/sean/development/projects/cube_spinner/build/linux/SDL/CMakeFiles/CMakeTmp/CMakeFiles 1
Building C object CMakeFiles/cmTryCompileExec1218311263.dir/CheckIncludeFile.c.o
/usr/bin/cc   -g -O3    -o CMakeFiles/cmTryCompileExec1218311263.dir/CheckIncludeFile.c.o   -c /home/sean/development/projects/cube_spinner/build/linux/SDL/CMakeFiles/CMakeTmp/CheckIncludeFile.c
/home/sean/development/projects/cube_spinner/build/linux/SDL/CMakeFiles/CMakeTmp/CheckIncludeFile.c:1:38: fatal error: X11/extensions/scrnsaver.h: No such file or directory
 #include <X11/extensions/scrnsaver.h>
                                      ^
compilation terminated.
make[1]: *** [CMakeFiles/cmTryCompileExec1218311263.dir/CheckIncludeFile.c.o] Error 1
make[1]: Leaving directory `/home/sean/development/projects/cube_spinner/build/linux/SDL/CMakeFiles/CMakeTmp'
make: *** [cmTryCompileExec1218311263/fast] Error 2


Performing C SOURCE FILE Test HAVE_VIDEO_OPENGL_EGL failed with the following output:
Change Dir: /home/sean/development/projects/cube_spinner/build/linux/SDL/CMakeFiles/CMakeTmp

Run Build Command:/usr/bin/make "cmTryCompileExec3042741485/fast"
/usr/bin/make -f CMakeFiles/cmTryCompileExec3042741485.dir/build.make CMakeFiles/cmTryCompileExec3042741485.dir/build
make[1]: Entering directory `/home/sean/development/projects/cube_spinner/build/linux/SDL/CMakeFiles/CMakeTmp'
/usr/bin/cmake -E cmake_progress_report /home/sean/development/projects/cube_spinner/build/linux/SDL/CMakeFiles/CMakeTmp/CMakeFiles 1
Building C object CMakeFiles/cmTryCompileExec3042741485.dir/src.c.o
/usr/bin/cc   -g -O3 -DHAVE_VIDEO_OPENGL_EGL   -o CMakeFiles/cmTryCompileExec3042741485.dir/src.c.o   -c /home/sean/development/projects/cube_spinner/build/linux/SDL/CMakeFiles/CMakeTmp/src.c
/home/sean/development/projects/cube_spinner/build/linux/SDL/CMakeFiles/CMakeTmp/src.c:2:29: fatal error: EGL/egl.h: No such file or directory
         #include <EGL/egl.h>
                             ^
compilation terminated.
make[1]: *** [CMakeFiles/cmTryCompileExec3042741485.dir/src.c.o] Error 1
make[1]: Leaving directory `/home/sean/development/projects/cube_spinner/build/linux/SDL/CMakeFiles/CMakeTmp'
make: *** [cmTryCompileExec3042741485/fast] Error 2

Source file was:

        #include <EGL/egl.h>
        int main (int argc, char** argv) {}
Performing C SOURCE FILE Test HAVE_VIDEO_OPENGLES_V1 failed with the following output:
Change Dir: /home/sean/development/projects/cube_spinner/build/linux/SDL/CMakeFiles/CMakeTmp

Run Build Command:/usr/bin/make "cmTryCompileExec3845041182/fast"
/usr/bin/make -f CMakeFiles/cmTryCompileExec3845041182.dir/build.make CMakeFiles/cmTryCompileExec3845041182.dir/build
make[1]: Entering directory `/home/sean/development/projects/cube_spinner/build/linux/SDL/CMakeFiles/CMakeTmp'
/usr/bin/cmake -E cmake_progress_report /home/sean/development/projects/cube_spinner/build/linux/SDL/CMakeFiles/CMakeTmp/CMakeFiles 1
Building C object CMakeFiles/cmTryCompileExec3845041182.dir/src.c.o
/usr/bin/cc   -g -O3 -DHAVE_VIDEO_OPENGLES_V1   -o CMakeFiles/cmTryCompileExec3845041182.dir/src.c.o   -c /home/sean/development/projects/cube_spinner/build/linux/SDL/CMakeFiles/CMakeTmp/src.c
/home/sean/development/projects/cube_spinner/build/linux/SDL/CMakeFiles/CMakeTmp/src.c:2:27: fatal error: GLES/gl.h: No such file or directory
       #include <GLES/gl.h>
                           ^
compilation terminated.
make[1]: *** [CMakeFiles/cmTryCompileExec3845041182.dir/src.c.o] Error 1
make[1]: Leaving directory `/home/sean/development/projects/cube_spinner/build/linux/SDL/CMakeFiles/CMakeTmp'
make: *** [cmTryCompileExec3845041182/fast] Error 2

Source file was:

      #include <GLES/gl.h>
      #include <GLES/glext.h>
      int main (int argc, char** argv) {}
Performing C SOURCE FILE Test HAVE_VIDEO_OPENGLES_V2 failed with the following output:
Change Dir: /home/sean/development/projects/cube_spinner/build/linux/SDL/CMakeFiles/CMakeTmp

Run Build Command:/usr/bin/make "cmTryCompileExec2886179762/fast"
/usr/bin/make -f CMakeFiles/cmTryCompileExec2886179762.dir/build.make CMakeFiles/cmTryCompileExec2886179762.dir/build
make[1]: Entering directory `/home/sean/development/projects/cube_spinner/build/linux/SDL/CMakeFiles/CMakeTmp'
/usr/bin/cmake -E cmake_progress_report /home/sean/development/projects/cube_spinner/build/linux/SDL/CMakeFiles/CMakeTmp/CMakeFiles 1
Building C object CMakeFiles/cmTryCompileExec2886179762.dir/src.c.o
/usr/bin/cc   -g -O3 -DHAVE_VIDEO_OPENGLES_V2   -o CMakeFiles/cmTryCompileExec2886179762.dir/src.c.o   -c /home/sean/development/projects/cube_spinner/build/linux/SDL/CMakeFiles/CMakeTmp/src.c
/home/sean/development/projects/cube_spinner/build/linux/SDL/CMakeFiles/CMakeTmp/src.c:2:29: fatal error: GLES2/gl2.h: No such file or directory
       #include <GLES2/gl2.h>
                             ^
compilation terminated.
make[1]: *** [CMakeFiles/cmTryCompileExec2886179762.dir/src.c.o] Error 1
make[1]: Leaving directory `/home/sean/development/projects/cube_spinner/build/linux/SDL/CMakeFiles/CMakeTmp'
make: *** [cmTryCompileExec2886179762/fast] Error 2

Source file was:

      #include <GLES2/gl2.h>
      #include <GLES2/gl2ext.h>
      int main (int argc, char** argv) {}
Determining if the include file libudev.h exists failed with the following output:
Change Dir: /home/sean/development/projects/cube_spinner/build/linux/SDL/CMakeFiles/CMakeTmp

Run Build Command:/usr/bin/make "cmTryCompileExec1026639246/fast"
/usr/bin/make -f CMakeFiles/cmTryCompileExec1026639246.dir/build.make CMakeFiles/cmTryCompileExec1026639246.dir/build
make[1]: Entering directory `/home/sean/development/projects/cube_spinner/build/linux/SDL/CMakeFiles/CMakeTmp'
/usr/bin/cmake -E cmake_progress_report /home/sean/development/projects/cube_spinner/build/linux/SDL/CMakeFiles/CMakeTmp/CMakeFiles 1
Building C object CMakeFiles/cmTryCompileExec1026639246.dir/CheckIncludeFile.c.o
/usr/bin/cc   -g -O3    -o CMakeFiles/cmTryCompileExec1026639246.dir/CheckIncludeFile.c.o   -c /home/sean/development/projects/cube_spinner/build/linux/SDL/CMakeFiles/CMakeTmp/CheckIncludeFile.c
/home/sean/development/projects/cube_spinner/build/linux/SDL/CMakeFiles/CMakeTmp/CheckIncludeFile.c:1:21: fatal error: libudev.h: No such file or directory
 #include <libudev.h>
                     ^
compilation terminated.
make[1]: *** [CMakeFiles/cmTryCompileExec1026639246.dir/CheckIncludeFile.c.o] Error 1
make[1]: Leaving directory `/home/sean/development/projects/cube_spinner/build/linux/SDL/CMakeFiles/CMakeTmp'
make: *** [cmTryCompileExec1026639246/fast] Error 2


Determining if the include file dbus/dbus.h exists failed with the following output:
Change Dir: /home/sean/development/projects/cube_spinner/build/linux/SDL/CMakeFiles/CMakeTmp

Run Build Command:/usr/bin/make "cmTryCompileExec940177025/fast"
/usr/bin/make -f CMakeFiles/cmTryCompileExec940177025.dir/build.make CMakeFiles/cmTryCompileExec940177025.dir/build
make[1]: Entering directory `/home/sean/development/projects/cube_spinner/build/linux/SDL/CMakeFiles/CMakeTmp'
/usr/bin/cmake -E cmake_progress_report /home/sean/development/projects/cube_spinner/build/linux/SDL/CMakeFiles/CMakeTmp/CMakeFiles 1
Building C object CMakeFiles/cmTryCompileExec940177025.dir/CheckIncludeFile.c.o
/usr/bin/cc   -g -O3    -o CMakeFiles/cmTryCompileExec940177025.dir/CheckIncludeFile.c.o   -c /home/sean/development/projects/cube_spinner/build/linux/SDL/CMakeFiles/CMakeTmp/CheckIncludeFile.c
/home/sean/development/projects/cube_spinner/build/linux/SDL/CMakeFiles/CMakeTmp/CheckIncludeFile.c:1:23: fatal error: dbus/dbus.h: No such file or directory
 #include <dbus/dbus.h>
                       ^
compilation terminated.
make[1]: *** [CMakeFiles/cmTryCompileExec940177025.dir/CheckIncludeFile.c.o] Error 1
make[1]: Leaving directory `/home/sean/development/projects/cube_spinner/build/linux/SDL/CMakeFiles/CMakeTmp'
make: *** [cmTryCompileExec940177025/fast] Error 2


Performing C SOURCE FILE Test HAVE_INPUT_TSLIB failed with the following output:
Change Dir: /home/sean/development/projects/cube_spinner/build/linux/SDL/CMakeFiles/CMakeTmp

Run Build Command:/usr/bin/make "cmTryCompileExec821548731/fast"
/usr/bin/make -f CMakeFiles/cmTryCompileExec821548731.dir/build.make CMakeFiles/cmTryCompileExec821548731.dir/build
make[1]: Entering directory `/home/sean/development/projects/cube_spinner/build/linux/SDL/CMakeFiles/CMakeTmp'
/usr/bin/cmake -E cmake_progress_report /home/sean/development/projects/cube_spinner/build/linux/SDL/CMakeFiles/CMakeTmp/CMakeFiles 1
Building C object CMakeFiles/cmTryCompileExec821548731.dir/src.c.o
/usr/bin/cc   -g -O3 -DHAVE_INPUT_TSLIB   -o CMakeFiles/cmTryCompileExec821548731.dir/src.c.o   -c /home/sean/development/projects/cube_spinner/build/linux/SDL/CMakeFiles/CMakeTmp/src.c
/home/sean/development/projects/cube_spinner/build/linux/SDL/CMakeFiles/CMakeTmp/src.c:2:27: fatal error: tslib.h: No such file or directory
         #include "tslib.h"
                           ^
compilation terminated.
make[1]: *** [CMakeFiles/cmTryCompileExec821548731.dir/src.c.o] Error 1
make[1]: Leaving directory `/home/sean/development/projects/cube_spinner/build/linux/SDL/CMakeFiles/CMakeTmp'
make: *** [cmTryCompileExec821548731/fast] Error 2

Source file was:

        #include "tslib.h"
        int main(int argc, char** argv) { }
Determining if the function hid_init exists in the usbhid failed with the following output:
Change Dir: /home/sean/development/projects/cube_spinner/build/linux/SDL/CMakeFiles/CMakeTmp

Run Build Command:/usr/bin/make "cmTryCompileExec2060369134/fast"
/usr/bin/make -f CMakeFiles/cmTryCompileExec2060369134.dir/build.make CMakeFiles/cmTryCompileExec2060369134.dir/build
make[1]: Entering directory `/home/sean/development/projects/cube_spinner/build/linux/SDL/CMakeFiles/CMakeTmp'
/usr/bin/cmake -E cmake_progress_report /home/sean/development/projects/cube_spinner/build/linux/SDL/CMakeFiles/CMakeTmp/CMakeFiles 1
Building C object CMakeFiles/cmTryCompileExec2060369134.dir/CheckFunctionExists.c.o
/usr/bin/cc   -g -O3 -DCHECK_FUNCTION_EXISTS=hid_init   -o CMakeFiles/cmTryCompileExec2060369134.dir/CheckFunctionExists.c.o   -c /usr/share/cmake-2.8/Modules/CheckFunctionExists.c
Linking C executable cmTryCompileExec2060369134
/usr/bin/cmake -E cmake_link_script CMakeFiles/cmTryCompileExec2060369134.dir/link.txt --verbose=1
/usr/bin/cc  -g -O3 -DCHECK_FUNCTION_EXISTS=hid_init    CMakeFiles/cmTryCompileExec2060369134.dir/CheckFunctionExists.c.o  -o cmTryCompileExec2060369134 -rdynamic -lusbhid 
/usr/bin/ld: cannot find -lusbhid
collect2: error: ld returned 1 exit status
make[1]: *** [cmTryCompileExec2060369134] Error 1
make[1]: Leaving directory `/home/sean/development/projects/cube_spinner/build/linux/SDL/CMakeFiles/CMakeTmp'
make: *** [cmTryCompileExec2060369134/fast] Error 2


Determining if the include file usb.h exists failed with the following output:
Change Dir: /home/sean/development/projects/cube_spinner/build/linux/SDL/CMakeFiles/CMakeTmp

Run Build Command:/usr/bin/make "cmTryCompileExec3348640112/fast"
/usr/bin/make -f CMakeFiles/cmTryCompileExec3348640112.dir/build.make CMakeFiles/cmTryCompileExec3348640112.dir/build
make[1]: Entering directory `/home/sean/development/projects/cube_spinner/build/linux/SDL/CMakeFiles/CMakeTmp'
/usr/bin/cmake -E cmake_progress_report /home/sean/development/projects/cube_spinner/build/linux/SDL/CMakeFiles/CMakeTmp/CMakeFiles 1
Building C object CMakeFiles/cmTryCompileExec3348640112.dir/CheckIncludeFile.c.o
/usr/bin/cc   -g -O3    -o CMakeFiles/cmTryCompileExec3348640112.dir/CheckIncludeFile.c.o   -c /home/sean/development/projects/cube_spinner/build/linux/SDL/CMakeFiles/CMakeTmp/CheckIncludeFile.c
/home/sean/development/projects/cube_spinner/build/linux/SDL/CMakeFiles/CMakeTmp/CheckIncludeFile.c:1:17: fatal error: usb.h: No such file or directory
 #include <usb.h>
                 ^
compilation terminated.
make[1]: *** [CMakeFiles/cmTryCompileExec3348640112.dir/CheckIncludeFile.c.o] Error 1
make[1]: Leaving directory `/home/sean/development/projects/cube_spinner/build/linux/SDL/CMakeFiles/CMakeTmp'
make: *** [cmTryCompileExec3348640112/fast] Error 2


Determining if the include file libusb.h exists failed with the following output:
Change Dir: /home/sean/development/projects/cube_spinner/build/linux/SDL/CMakeFiles/CMakeTmp

Run Build Command:/usr/bin/make "cmTryCompileExec313739137/fast"
/usr/bin/make -f CMakeFiles/cmTryCompileExec313739137.dir/build.make CMakeFiles/cmTryCompileExec313739137.dir/build
make[1]: Entering directory `/home/sean/development/projects/cube_spinner/build/linux/SDL/CMakeFiles/CMakeTmp'
/usr/bin/cmake -E cmake_progress_report /home/sean/development/projects/cube_spinner/build/linux/SDL/CMakeFiles/CMakeTmp/CMakeFiles 1
Building C object CMakeFiles/cmTryCompileExec313739137.dir/CheckIncludeFile.c.o
/usr/bin/cc   -g -O3    -o CMakeFiles/cmTryCompileExec313739137.dir/CheckIncludeFile.c.o   -c /home/sean/development/projects/cube_spinner/build/linux/SDL/CMakeFiles/CMakeTmp/CheckIncludeFile.c
/home/sean/development/projects/cube_spinner/build/linux/SDL/CMakeFiles/CMakeTmp/CheckIncludeFile.c:1:20: fatal error: libusb.h: No such file or directory
 #include <libusb.h>
                    ^
compilation terminated.
make[1]: *** [CMakeFiles/cmTryCompileExec313739137.dir/CheckIncludeFile.c.o] Error 1
make[1]: Leaving directory `/home/sean/development/projects/cube_spinner/build/linux/SDL/CMakeFiles/CMakeTmp'
make: *** [cmTryCompileExec313739137/fast] Error 2


Determining if the function hid_init exists in the usb failed with the following output:
Change Dir: /home/sean/development/projects/cube_spinner/build/linux/SDL/CMakeFiles/CMakeTmp

Run Build Command:/usr/bin/make "cmTryCompileExec3383011223/fast"
/usr/bin/make -f CMakeFiles/cmTryCompileExec3383011223.dir/build.make CMakeFiles/cmTryCompileExec3383011223.dir/build
make[1]: Entering directory `/home/sean/development/projects/cube_spinner/build/linux/SDL/CMakeFiles/CMakeTmp'
/usr/bin/cmake -E cmake_progress_report /home/sean/development/projects/cube_spinner/build/linux/SDL/CMakeFiles/CMakeTmp/CMakeFiles 1
Building C object CMakeFiles/cmTryCompileExec3383011223.dir/CheckFunctionExists.c.o
/usr/bin/cc   -g -O3 -DCHECK_FUNCTION_EXISTS=hid_init   -o CMakeFiles/cmTryCompileExec3383011223.dir/CheckFunctionExists.c.o   -c /usr/share/cmake-2.8/Modules/CheckFunctionExists.c
Linking C executable cmTryCompileExec3383011223
/usr/bin/cmake -E cmake_link_script CMakeFiles/cmTryCompileExec3383011223.dir/link.txt --verbose=1
/usr/bin/cc  -g -O3 -DCHECK_FUNCTION_EXISTS=hid_init    CMakeFiles/cmTryCompileExec3383011223.dir/CheckFunctionExists.c.o  -o cmTryCompileExec3383011223 -rdynamic -lusb 
/usr/bin/ld: cannot find -lusb
collect2: error: ld returned 1 exit status
make[1]: *** [cmTryCompileExec3383011223] Error 1
make[1]: Leaving directory `/home/sean/development/projects/cube_spinner/build/linux/SDL/CMakeFiles/CMakeTmp'
make: *** [cmTryCompileExec3383011223/fast] Error 2


Performing C SOURCE FILE Test HAVE_USBHID failed with the following output:
Change Dir: /home/sean/development/projects/cube_spinner/build/linux/SDL/CMakeFiles/CMakeTmp

Run Build Command:/usr/bin/make "cmTryCompileExec849568553/fast"
/usr/bin/make -f CMakeFiles/cmTryCompileExec849568553.dir/build.make CMakeFiles/cmTryCompileExec849568553.dir/build
make[1]: Entering directory `/home/sean/development/projects/cube_spinner/build/linux/SDL/CMakeFiles/CMakeTmp'
/usr/bin/cmake -E cmake_progress_report /home/sean/development/projects/cube_spinner/build/linux/SDL/CMakeFiles/CMakeTmp/CMakeFiles 1
Building C object CMakeFiles/cmTryCompileExec849568553.dir/src.c.o
/usr/bin/cc   -g -O3 -DHAVE_USBHID   -o CMakeFiles/cmTryCompileExec849568553.dir/src.c.o   -c /home/sean/development/projects/cube_spinner/build/linux/SDL/CMakeFiles/CMakeTmp/src.c
/home/sean/development/projects/cube_spinner/build/linux/SDL/CMakeFiles/CMakeTmp/src.c:10:34: fatal error: dev/usb/usb.h: No such file or directory
         # include <dev/usb/usb.h>
                                  ^
compilation terminated.
make[1]: *** [CMakeFiles/cmTryCompileExec849568553.dir/src.c.o] Error 1
make[1]: Leaving directory `/home/sean/development/projects/cube_spinner/build/linux/SDL/CMakeFiles/CMakeTmp'
make: *** [cmTryCompileExec849568553/fast] Error 2

Source file was:

       #include <sys/types.h>
        #if defined(HAVE_USB_H)
        #include <usb.h>
        #endif
        #ifdef __DragonFly__
        # include <bus/usb/usb.h>
        # include <bus/usb/usbhid.h>
        #else
        # include <dev/usb/usb.h>
        # include <dev/usb/usbhid.h>
        #endif
        #if defined(HAVE_USBHID_H)
        #include <usbhid.h>
        #elif defined(HAVE_LIBUSB_H)
        #include <libusb.h>
        #elif defined(HAVE_LIBUSBHID_H)
        #include <libusbhid.h>
        #endif
        int main(int argc, char **argv) {
          struct report_desc *repdesc;
          struct usb_ctl_report *repbuf;
          hid_kind_t hidkind;
          return 0;
        }
Performing C SOURCE FILE Test HAVE_PTHREAD_NP_H failed with the following output:
Change Dir: /home/sean/development/projects/cube_spinner/build/linux/SDL/CMakeFiles/CMakeTmp

Run Build Command:/usr/bin/make "cmTryCompileExec1715414655/fast"
/usr/bin/make -f CMakeFiles/cmTryCompileExec1715414655.dir/build.make CMakeFiles/cmTryCompileExec1715414655.dir/build
make[1]: Entering directory `/home/sean/development/projects/cube_spinner/build/linux/SDL/CMakeFiles/CMakeTmp'
/usr/bin/cmake -E cmake_progress_report /home/sean/development/projects/cube_spinner/build/linux/SDL/CMakeFiles/CMakeTmp/CMakeFiles 1
Building C object CMakeFiles/cmTryCompileExec1715414655.dir/src.c.o
/usr/bin/cc   -g -O3 -DHAVE_PTHREAD_NP_H -D_REENTRANT -pthread   -o CMakeFiles/cmTryCompileExec1715414655.dir/src.c.o   -c /home/sean/development/projects/cube_spinner/build/linux/SDL/CMakeFiles/CMakeTmp/src.c
/home/sean/development/projects/cube_spinner/build/linux/SDL/CMakeFiles/CMakeTmp/src.c:3:34: fatal error: pthread_np.h: No such file or directory
           #include <pthread_np.h>
                                  ^
compilation terminated.
make[1]: *** [CMakeFiles/cmTryCompileExec1715414655.dir/src.c.o] Error 1
make[1]: Leaving directory `/home/sean/development/projects/cube_spinner/build/linux/SDL/CMakeFiles/CMakeTmp'
make: *** [cmTryCompileExec1715414655/fast] Error 2

Source file was:

          #include <pthread.h>
          #include <pthread_np.h>
          int main(int argc, char** argv) { return 0; }
Determining if the function pthread_set_name_np exists failed with the following output:
Change Dir: /home/sean/development/projects/cube_spinner/build/linux/SDL/CMakeFiles/CMakeTmp

Run Build Command:/usr/bin/make "cmTryCompileExec2002186755/fast"
/usr/bin/make -f CMakeFiles/cmTryCompileExec2002186755.dir/build.make CMakeFiles/cmTryCompileExec2002186755.dir/build
make[1]: Entering directory `/home/sean/development/projects/cube_spinner/build/linux/SDL/CMakeFiles/CMakeTmp'
/usr/bin/cmake -E cmake_progress_report /home/sean/development/projects/cube_spinner/build/linux/SDL/CMakeFiles/CMakeTmp/CMakeFiles 1
Building C object CMakeFiles/cmTryCompileExec2002186755.dir/CheckFunctionExists.c.o
/usr/bin/cc   -g -O3 -DCHECK_FUNCTION_EXISTS=pthread_set_name_np -D_REENTRANT -pthread   -o CMakeFiles/cmTryCompileExec2002186755.dir/CheckFunctionExists.c.o   -c /usr/share/cmake-2.8/Modules/CheckFunctionExists.c
Linking C executable cmTryCompileExec2002186755
/usr/bin/cmake -E cmake_link_script CMakeFiles/cmTryCompileExec2002186755.dir/link.txt --verbose=1
/usr/bin/cc  -g -O3 -DCHECK_FUNCTION_EXISTS=pthread_set_name_np -D_REENTRANT -pthread    CMakeFiles/cmTryCompileExec2002186755.dir/CheckFunctionExists.c.o  -o cmTryCompileExec2002186755 -rdynamic 
CMakeFiles/cmTryCompileExec2002186755.dir/CheckFunctionExists.c.o: In function `main':
/usr/share/cmake-2.8/Modules/CheckFunctionExists.c:11: undefined reference to `pthread_set_name_np'
collect2: error: ld returned 1 exit status
make[1]: *** [cmTryCompileExec2002186755] Error 1
make[1]: Leaving directory `/home/sean/development/projects/cube_spinner/build/linux/SDL/CMakeFiles/CMakeTmp'
make: *** [cmTryCompileExec2002186755/fast] Error 2


